# JRE version: OpenJDK Runtime Environment Temurin-21.0.8+9 (21.0.8+9) (build 21.0.8+9-LTS)
# Java VM: OpenJDK 64-Bit Server VM Temurin-21.0.8+9 (21.0.8+9-LTS, mixed mode, sharing, tiered, compressed oops, compressed class ptrs, parallel gc, windows-amd64)
GC Precious Log:
 CardTable entry size: 512
 CPUs: 8 total, 8 available
 Memory: 6005M
 Large Page Support: Disabled
 NUMA Support: Disabled
 Compressed Oops: Enabled (32-bit)
 Alignments: Space 512K, Generation 512K, Heap 2M
 Heap Min Capacity: 100M
 Heap Initial Capacity: 100M
 Heap Max Capacity: 2G
 Pre-touch: Disabled
 Parallel Workers: 8
Heap:
 PSYoungGen      total 4608K, used 1977K [0x00000000d5580000, 0x00000000d5b00000, 0x0000000100000000)
  eden space 3584K, 32% used [0x00000000d5580000,0x00000000d56a65b8,0x00000000d5900000)
  from space 1024K, 78% used [0x00000000d5980000,0x00000000d5a48000,0x00000000d5a80000)
  to   space 512K, 0% used [0x00000000d5a80000,0x00000000d5a80000,0x00000000d5b00000)
 ParOldGen       total 834048K, used 833717K [0x0000000080000000, 0x00000000b2e80000, 0x00000000d5580000)
  object space 834048K, 99% used [0x0000000080000000,0x00000000b2e2d4c0,0x00000000b2e80000)
 Metaspace       used 94085K, committed 95744K, reserved 1179648K
  class space    used 9244K, committed 10048K, reserved 1048576K
GC Heap History (20 events):
Event: 94005.903 GC heap before
{Heap before GC invocations=6023 (full 7):
 PSYoungGen      total 5120K, used 4704K [0x00000000d5580000, 0x00000000d5b80000, 0x0000000100000000)
  eden space 4096K, 100% used [0x00000000d5580000,0x00000000d5980000,0x00000000d5980000)
  from space 1024K, 59% used [0x00000000d5980000,0x00000000d5a18000,0x00000000d5a80000)
  to   space 1024K, 0% used [0x00000000d5a80000,0x00000000d5a80000,0x00000000d5b80000)
 ParOldGen       total 830976K, used 830508K [0x0000000080000000, 0x00000000b2b80000, 0x00000000d5580000)
  object space 830976K, 99% used [0x0000000080000000,0x00000000b2b0b048,0x00000000b2b80000)
 Metaspace       used 94074K, committed 95744K, reserved 1179648K
  class space    used 9244K, committed 10048K, reserved 1048576K
}
Event: 94005.906 GC heap after
{Heap after GC invocations=6023 (full 7):
 PSYoungGen      total 4608K, used 224K [0x00000000d5580000, 0x00000000d5b00000, 0x0000000100000000)
  eden space 4096K, 0% used [0x00000000d5580000,0x00000000d5580000,0x00000000d5980000)
  from space 512K, 43% used [0x00000000d5a80000,0x00000000d5ab8000,0x00000000d5b00000)
  to   space 512K, 0% used [0x00000000d5a00000,0x00000000d5a00000,0x00000000d5a80000)
 ParOldGen       total 830976K, used 830532K [0x0000000080000000, 0x00000000b2b80000, 0x00000000d5580000)
  object space 830976K, 99% used [0x0000000080000000,0x00000000b2b11048,0x00000000b2b80000)
 Metaspace       used 94074K, committed 95744K, reserved 1179648K
  class space    used 9244K, committed 10048K, reserved 1048576K
}
Event: 94006.353 GC heap before
{Heap before GC invocations=6024 (full 7):
 PSYoungGen      total 4608K, used 4320K [0x00000000d5580000, 0x00000000d5b00000, 0x0000000100000000)
  eden space 4096K, 100% used [0x00000000d5580000,0x00000000d5980000,0x00000000d5980000)
  from space 512K, 43% used [0x00000000d5a80000,0x00000000d5ab8000,0x00000000d5b00000)
  to   space 512K, 0% used [0x00000000d5a00000,0x00000000d5a00000,0x00000000d5a80000)
 ParOldGen       total 830976K, used 830532K [0x0000000080000000, 0x00000000b2b80000, 0x00000000d5580000)
  object space 830976K, 99% used [0x0000000080000000,0x00000000b2b11048,0x00000000b2b80000)
 Metaspace       used 94074K, committed 95744K, reserved 1179648K
  class space    used 9244K, committed 10048K, reserved 1048576K
}
Event: 94006.451 GC heap after
{Heap after GC invocations=6024 (full 7):
 PSYoungGen      total 4608K, used 480K [0x00000000d5580000, 0x00000000d5b80000, 0x0000000100000000)
  eden space 4096K, 0% used [0x00000000d5580000,0x00000000d5580000,0x00000000d5980000)
  from space 512K, 93% used [0x00000000d5a00000,0x00000000d5a78000,0x00000000d5a80000)
  to   space 1024K, 0% used [0x00000000d5a80000,0x00000000d5a80000,0x00000000d5b80000)
 ParOldGen       total 830976K, used 830548K [0x0000000080000000, 0x00000000b2b80000, 0x00000000d5580000)
  object space 830976K, 99% used [0x0000000080000000,0x00000000b2b15048,0x00000000b2b80000)
 Metaspace       used 94074K, committed 95744K, reserved 1179648K
  class space    used 9244K, committed 10048K, reserved 1048576K
}
Event: 94006.505 GC heap before
{Heap before GC invocations=6025 (full 7):
 PSYoungGen      total 4608K, used 4576K [0x00000000d5580000, 0x00000000d5b80000, 0x0000000100000000)
  eden space 4096K, 100% used [0x00000000d5580000,0x00000000d5980000,0x00000000d5980000)
  from space 512K, 93% used [0x00000000d5a00000,0x00000000d5a78000,0x00000000d5a80000)
  to   space 1024K, 0% used [0x00000000d5a80000,0x00000000d5a80000,0x00000000d5b80000)
 ParOldGen       total 830976K, used 830548K [0x0000000080000000, 0x00000000b2b80000, 0x00000000d5580000)
  object space 830976K, 99% used [0x0000000080000000,0x00000000b2b15048,0x00000000b2b80000)
 Metaspace       used 94077K, committed 95744K, reserved 1179648K
  class space    used 9244K, committed 10048K, reserved 1048576K
}
Event: 94006.509 GC heap after
{Heap after GC invocations=6025 (full 7):
 PSYoungGen      total 4608K, used 432K [0x00000000d5580000, 0x00000000d5b00000, 0x0000000100000000)
  eden space 4096K, 0% used [0x00000000d5580000,0x00000000d5580000,0x00000000d5980000)
  from space 512K, 84% used [0x00000000d5a80000,0x00000000d5aec010,0x00000000d5b00000)
  to   space 512K, 0% used [0x00000000d5a00000,0x00000000d5a00000,0x00000000d5a80000)
 ParOldGen       total 830976K, used 830580K [0x0000000080000000, 0x00000000b2b80000, 0x00000000d5580000)
  object space 830976K, 99% used [0x0000000080000000,0x00000000b2b1d048,0x00000000b2b80000)
 Metaspace       used 94077K, committed 95744K, reserved 1179648K
  class space    used 9244K, committed 10048K, reserved 1048576K
}
Event: 94006.529 GC heap before
{Heap before GC invocations=6026 (full 7):
 PSYoungGen      total 4608K, used 4528K [0x00000000d5580000, 0x00000000d5b00000, 0x0000000100000000)
  eden space 4096K, 100% used [0x00000000d5580000,0x00000000d5980000,0x00000000d5980000)
  from space 512K, 84% used [0x00000000d5a80000,0x00000000d5aec010,0x00000000d5b00000)
  to   space 512K, 0% used [0x00000000d5a00000,0x00000000d5a00000,0x00000000d5a80000)
 ParOldGen       total 830976K, used 830580K [0x0000000080000000, 0x00000000b2b80000, 0x00000000d5580000)
  object space 830976K, 99% used [0x0000000080000000,0x00000000b2b1d048,0x00000000b2b80000)
 Metaspace       used 94077K, committed 95744K, reserved 1179648K
  class space    used 9244K, committed 10048K, reserved 1048576K
}
Event: 94006.535 GC heap after
{Heap after GC invocations=6026 (full 7):
 PSYoungGen      total 4608K, used 256K [0x00000000d5580000, 0x00000000d5b00000, 0x0000000100000000)
  eden space 4096K, 0% used [0x00000000d5580000,0x00000000d5580000,0x00000000d5980000)
  from space 512K, 50% used [0x00000000d5a00000,0x00000000d5a40000,0x00000000d5a80000)
  to   space 512K, 0% used [0x00000000d5a80000,0x00000000d5a80000,0x00000000d5b00000)
 ParOldGen       total 830976K, used 830612K [0x0000000080000000, 0x00000000b2b80000, 0x00000000d5580000)
  object space 830976K, 99% used [0x0000000080000000,0x00000000b2b25048,0x00000000b2b80000)
 Metaspace       used 94077K, committed 95744K, reserved 1179648K
  class space    used 9244K, committed 10048K, reserved 1048576K
}
Event: 94006.559 GC heap before
{Heap before GC invocations=6027 (full 7):
 PSYoungGen      total 4608K, used 4336K [0x00000000d5580000, 0x00000000d5b00000, 0x0000000100000000)
  eden space 4096K, 99% used [0x00000000d5580000,0x00000000d597c178,0x00000000d5980000)
  from space 512K, 50% used [0x00000000d5a00000,0x00000000d5a40000,0x00000000d5a80000)
  to   space 512K, 0% used [0x00000000d5a80000,0x00000000d5a80000,0x00000000d5b00000)
 ParOldGen       total 830976K, used 830612K [0x0000000080000000, 0x00000000b2b80000, 0x00000000d5580000)
  object space 830976K, 99% used [0x0000000080000000,0x00000000b2b25048,0x00000000b2b80000)
 Metaspace       used 94079K, committed 95744K, reserved 1179648K
  class space    used 9244K, committed 10048K, reserved 1048576K
}
Event: 94006.563 GC heap after
{Heap after GC invocations=6027 (full 7):
 PSYoungGen      total 4096K, used 512K [0x00000000d5580000, 0x00000000d5c80000, 0x0000000100000000)
  eden space 3584K, 0% used [0x00000000d5580000,0x00000000d5580000,0x00000000d5900000)
  from space 512K, 100% used [0x00000000d5a80000,0x00000000d5b00000,0x00000000d5b00000)
  to   space 1536K, 0% used [0x00000000d5900000,0x00000000d5900000,0x00000000d5a80000)
 ParOldGen       total 831488K, used 831100K [0x0000000080000000, 0x00000000b2c00000, 0x00000000d5580000)
  object space 831488K, 99% used [0x0000000080000000,0x00000000b2b9f058,0x00000000b2c00000)
 Metaspace       used 94079K, committed 95744K, reserved 1179648K
  class space    used 9244K, committed 10048K, reserved 1048576K
}
Event: 94006.573 GC heap before
{Heap before GC invocations=6028 (full 7):
 PSYoungGen      total 4096K, used 4096K [0x00000000d5580000, 0x00000000d5c80000, 0x0000000100000000)
  eden space 3584K, 100% used [0x00000000d5580000,0x00000000d5900000,0x00000000d5900000)
  from space 512K, 100% used [0x00000000d5a80000,0x00000000d5b00000,0x00000000d5b00000)
  to   space 1536K, 0% used [0x00000000d5900000,0x00000000d5900000,0x00000000d5a80000)
 ParOldGen       total 831488K, used 831100K [0x0000000080000000, 0x00000000b2c00000, 0x00000000d5580000)
  object space 831488K, 99% used [0x0000000080000000,0x00000000b2b9f058,0x00000000b2c00000)
 Metaspace       used 94079K, committed 95744K, reserved 1179648K
  class space    used 9244K, committed 10048K, reserved 1048576K
}
Event: 94006.580 GC heap after
{Heap after GC invocations=6028 (full 7):
 PSYoungGen      total 5120K, used 928K [0x00000000d5580000, 0x00000000d5c00000, 0x0000000100000000)
  eden space 3584K, 0% used [0x00000000d5580000,0x00000000d5580000,0x00000000d5900000)
  from space 1536K, 60% used [0x00000000d5900000,0x00000000d59e8000,0x00000000d5a80000)
  to   space 1024K, 0% used [0x00000000d5b00000,0x00000000d5b00000,0x00000000d5c00000)
 ParOldGen       total 832000K, used 831638K [0x0000000080000000, 0x00000000b2c80000, 0x00000000d5580000)
  object space 832000K, 99% used [0x0000000080000000,0x00000000b2c25978,0x00000000b2c80000)
 Metaspace       used 94079K, committed 95744K, reserved 1179648K
  class space    used 9244K, committed 10048K, reserved 1048576K
}
Event: 94006.801 GC heap before
{Heap before GC invocations=6029 (full 7):
 PSYoungGen      total 5120K, used 4512K [0x00000000d5580000, 0x00000000d5c00000, 0x0000000100000000)
  eden space 3584K, 100% used [0x00000000d5580000,0x00000000d5900000,0x00000000d5900000)
  from space 1536K, 60% used [0x00000000d5900000,0x00000000d59e8000,0x00000000d5a80000)
  to   space 1024K, 0% used [0x00000000d5b00000,0x00000000d5b00000,0x00000000d5c00000)
 ParOldGen       total 832000K, used 831638K [0x0000000080000000, 0x00000000b2c80000, 0x00000000d5580000)
  object space 832000K, 99% used [0x0000000080000000,0x00000000b2c25978,0x00000000b2c80000)
 Metaspace       used 94080K, committed 95744K, reserved 1179648K
  class space    used 9244K, committed 10048K, reserved 1048576K
}
Event: 94006.806 GC heap after
{Heap after GC invocations=6029 (full 7):
 PSYoungGen      total 4096K, used 416K [0x00000000d5580000, 0x00000000d5b80000, 0x0000000100000000)
  eden space 3584K, 0% used [0x00000000d5580000,0x00000000d5580000,0x00000000d5900000)
  from space 512K, 81% used [0x00000000d5b00000,0x00000000d5b68000,0x00000000d5b80000)
  to   space 1024K, 0% used [0x00000000d5980000,0x00000000d5980000,0x00000000d5a80000)
 ParOldGen       total 832512K, used 832464K [0x0000000080000000, 0x00000000b2d00000, 0x00000000d5580000)
  object space 832512K, 99% used [0x0000000080000000,0x00000000b2cf4288,0x00000000b2d00000)
 Metaspace       used 94080K, committed 95744K, reserved 1179648K
  class space    used 9244K, committed 10048K, reserved 1048576K
}
Event: 94006.827 GC heap before
{Heap before GC invocations=6030 (full 7):
 PSYoungGen      total 4096K, used 4000K [0x00000000d5580000, 0x00000000d5b80000, 0x0000000100000000)
  eden space 3584K, 100% used [0x00000000d5580000,0x00000000d5900000,0x00000000d5900000)
  from space 512K, 81% used [0x00000000d5b00000,0x00000000d5b68000,0x00000000d5b80000)
  to   space 1024K, 0% used [0x00000000d5980000,0x00000000d5980000,0x00000000d5a80000)
 ParOldGen       total 832512K, used 832464K [0x0000000080000000, 0x00000000b2d00000, 0x00000000d5580000)
  object space 832512K, 99% used [0x0000000080000000,0x00000000b2cf4288,0x00000000b2d00000)
 Metaspace       used 94080K, committed 95744K, reserved 1179648K
  class space    used 9244K, committed 10048K, reserved 1048576K
}
Event: 94006.832 GC heap after
{Heap after GC invocations=6030 (full 7):
 PSYoungGen      total 4608K, used 928K [0x00000000d5580000, 0x00000000d5b80000, 0x0000000100000000)
  eden space 3584K, 0% used [0x00000000d5580000,0x00000000d5580000,0x00000000d5900000)
  from space 1024K, 90% used [0x00000000d5980000,0x00000000d5a68000,0x00000000d5a80000)
  to   space 1024K, 0% used [0x00000000d5a80000,0x00000000d5a80000,0x00000000d5b80000)
 ParOldGen       total 833024K, used 832728K [0x0000000080000000, 0x00000000b2d80000, 0x00000000d5580000)
  object space 833024K, 99% used [0x0000000080000000,0x00000000b2d36228,0x00000000b2d80000)
 Metaspace       used 94080K, committed 95744K, reserved 1179648K
  class space    used 9244K, committed 10048K, reserved 1048576K
}
Event: 94006.983 GC heap before
{Heap before GC invocations=6031 (full 7):
 PSYoungGen      total 4608K, used 4512K [0x00000000d5580000, 0x00000000d5b80000, 0x0000000100000000)
  eden space 3584K, 100% used [0x00000000d5580000,0x00000000d5900000,0x00000000d5900000)
  from space 1024K, 90% used [0x00000000d5980000,0x00000000d5a68000,0x00000000d5a80000)
  to   space 1024K, 0% used [0x00000000d5a80000,0x00000000d5a80000,0x00000000d5b80000)
 ParOldGen       total 833024K, used 832728K [0x0000000080000000, 0x00000000b2d80000, 0x00000000d5580000)
  object space 833024K, 99% used [0x0000000080000000,0x00000000b2d36228,0x00000000b2d80000)
 Metaspace       used 94082K, committed 95744K, reserved 1179648K
  class space    used 9244K, committed 10048K, reserved 1048576K
}
Event: 94006.988 GC heap after
{Heap after GC invocations=6031 (full 7):
 PSYoungGen      total 4608K, used 848K [0x00000000d5580000, 0x00000000d5b80000, 0x0000000100000000)
  eden space 3584K, 0% used [0x00000000d5580000,0x00000000d5580000,0x00000000d5900000)
  from space 1024K, 82% used [0x00000000d5a80000,0x00000000d5b54010,0x00000000d5b80000)
  to   space 1024K, 0% used [0x00000000d5980000,0x00000000d5980000,0x00000000d5a80000)
 ParOldGen       total 834048K, used 833568K [0x0000000080000000, 0x00000000b2e80000, 0x00000000d5580000)
  object space 834048K, 99% used [0x0000000080000000,0x00000000b2e08238,0x00000000b2e80000)
 Metaspace       used 94082K, committed 95744K, reserved 1179648K
  class space    used 9244K, committed 10048K, reserved 1048576K
}
Event: 94007.014 GC heap before
{Heap before GC invocations=6032 (full 7):
 PSYoungGen      total 4608K, used 4432K [0x00000000d5580000, 0x00000000d5b80000, 0x0000000100000000)
  eden space 3584K, 100% used [0x00000000d5580000,0x00000000d5900000,0x00000000d5900000)
  from space 1024K, 82% used [0x00000000d5a80000,0x00000000d5b54010,0x00000000d5b80000)
  to   space 1024K, 0% used [0x00000000d5980000,0x00000000d5980000,0x00000000d5a80000)
 ParOldGen       total 834048K, used 833568K [0x0000000080000000, 0x00000000b2e80000, 0x00000000d5580000)
  object space 834048K, 99% used [0x0000000080000000,0x00000000b2e08238,0x00000000b2e80000)
 Metaspace       used 94082K, committed 95744K, reserved 1179648K
  class space    used 9244K, committed 10048K, reserved 1048576K
}
Event: 94007.019 GC heap after
{Heap after GC invocations=6032 (full 7):
 PSYoungGen      total 4608K, used 800K [0x00000000d5580000, 0x00000000d5b00000, 0x0000000100000000)
  eden space 3584K, 0% used [0x00000000d5580000,0x00000000d5580000,0x00000000d5900000)
  from space 1024K, 78% used [0x00000000d5980000,0x00000000d5a48000,0x00000000d5a80000)
  to   space 512K, 0% used [0x00000000d5a80000,0x00000000d5a80000,0x00000000d5b00000)
 ParOldGen       total 834048K, used 833717K [0x0000000080000000, 0x00000000b2e80000, 0x00000000d5580000)
  object space 834048K, 99% used [0x0000000080000000,0x00000000b2e2d4c0,0x00000000b2e80000)
 Metaspace       used 94082K, committed 95744K, reserved 1179648K
  class space    used 9244K, committed 10048K, reserved 1048576K
}

