<?xml version="1.0" encoding="UTF-8"?>
<!-- Generated by org.testng.reporters.JUnitXMLReporter -->
<testsuite ignored="6" hostname="chairunnissap" failures="0" tests="12" name="MyTestGroup" time="19.571" errors="0" timestamp="2025-10-08T05:46:27 WIB">
  <testcase classname="Scenario.Positif.CreateBooking" name="CreateBookingScen" time="2.274"/>
  <testcase classname="Scenario.Negatif.NCreateBooking" name="NCreateBookingScen" time="1.93"/>
  <testcase classname="Scenario.Positif.DeleteBooking" name="DeleteBookingScen" time="2.659"/>
  <testcase classname="Scenario.Negatif.NDeleteBooking" name="NDeleteBookingScen" time="1.298"/>
  <testcase classname="Scenario.Positif.GetBooking" name="GetBookingScen" time="1.352"/>
  <testcase classname="Scenario.Positif.GetBookingIds" name="GetBookingIdsScen" time="1.668"/>
  <testcase classname="Scenario.Positif.GetBookingIdsByDate" name="GetBookingIdsByDateScen" time="1.602"/>
  <testcase classname="Scenario.Positif.GetBookingIdsByName" name="GetBookingIdsByNameScen" time="1.353"/>
  <testcase classname="Scenario.Positif.UpdateBooking_Partial" name="UpdateBooking_PartialScen" time="1.348"/>
  <testcase classname="Scenario.Negatif.NUpdateBooking_Partial" name="NUpdateBooking_PartialScen" time="1.33"/>
  <testcase classname="Scenario.Positif.UpdateBooking" name="UpdateBookingScen" time="1.335"/>
  <testcase classname="Scenario.Negatif.NUpdateBooking" name="NUpdateBookingScen" time="1.34"/>
  <testcase classname="api.example.base.Base" name="@BeforeSuite beforeSuite" time="0.0">
    <ignored/>
  </testcase> <!-- @BeforeSuite beforeSuite -->
  <testcase classname="api.example.base.Base" name="@BeforeSuite beforeSuite" time="0.0">
    <ignored/>
  </testcase> <!-- @BeforeSuite beforeSuite -->
  <testcase classname="api.example.base.Base" name="@BeforeSuite beforeSuite" time="0.0">
    <ignored/>
  </testcase> <!-- @BeforeSuite beforeSuite -->
  <testcase classname="api.example.base.Base" name="@BeforeSuite beforeSuite" time="0.0">
    <ignored/>
  </testcase> <!-- @BeforeSuite beforeSuite -->
  <testcase classname="api.example.base.Base" name="@BeforeSuite beforeSuite" time="0.0">
    <ignored/>
  </testcase> <!-- @BeforeSuite beforeSuite -->
  <testcase classname="api.example.base.Base" name="@BeforeSuite beforeSuite" time="0.0">
    <ignored/>
  </testcase> <!-- @BeforeSuite beforeSuite -->
</testsuite> <!-- MyTestGroup -->
