<?xml version="1.0" encoding="UTF-8"?>
<testsuite xmlns:xsi="http://www.w3.org/2001/XMLSchema-instance" xsi:noNamespaceSchemaLocation="https://maven.apache.org/surefire/maven-surefire-plugin/xsd/surefire-test-report-3.0.xsd" version="3.0" name="TestSuite" time="6.49" tests="1" errors="0" skipped="0" failures="0">
  <properties>
[...]
</properties>
  <testcase name="CreateBookingScen" classname="Scenario.CreateBooking" time="1.828">
    <system-out><![CDATA[This is Before Suite
Generate Token
Base URI: https://restful-booker.herokuapp.com
HTTP/1.1 200 OK
Content-Length: 206
Content-Type: application/json; charset=utf-8
Date: Sun, 21 Sep 2025 18:12:10 GMT
Etag: W/"ce-cZn2DFgdocn7YbMWuEhTIltGYkA"
Nel: {"report_to":"heroku-nel","response_headers":["Via"],"max_age":3600,"success_fraction":0.01,"failure_fraction":0.1}
Report-To: {"group":"heroku-nel","endpoints":[{"url":"https://nel.heroku.com/reports?s=tc3qQOR6ihK%2Fs86qmqG06RkySN3Z1mHjW46YLTv3wRQ%3D\u0026sid=c46efe9b-d3d2-4a0c-8c76-bfafa16c5add\u0026ts=1758478330"}],"max_age":3600}
Reporting-Endpoints: heroku-nel="https://nel.heroku.com/reports?s=tc3qQOR6ihK%2Fs86qmqG06RkySN3Z1mHjW46YLTv3wRQ%3D&sid=c46efe9b-d3d2-4a0c-8c76-bfafa16c5add&ts=1758478330"
Server: Heroku
Via: 1.1 heroku-router
X-Powered-By: Express

{
    "bookingid": 704,
    "booking": {
        "firstname": "Chairun",
        "lastname": "Puspitasari",
        "totalprice": 111,
        "depositpaid": true,
        "bookingdates": {
            "checkin": "2025-09-01",
            "checkout": "2025-09-17"
        },
        "additionalneeds": "Breakfast"
    }
}
Booking ID baru: 704
]]></system-out>
    <system-err><![CDATA[SLF4J(W): No SLF4J providers were found.
SLF4J(W): Defaulting to no-operation (NOP) logger implementation
SLF4J(W): See https://www.slf4j.org/codes.html#noProviders for further details.
]]></system-err>
  </testcase>
</testsuite>