<?xml version="1.0" encoding="UTF-8"?>
<testng-results ignored="0" total="1" passed="1" failed="0" skipped="0">
  <reporter-output>
  </reporter-output>
  <suite started-at="2025-09-22T01:12:09 WIB" name="Annotation Execution Suite" finished-at="2025-09-22T01:12:11 WIB" duration-ms="1865">
    <groups>
    </groups>
    <test started-at="2025-09-22T01:12:09 WIB" name="MyTestGroup" finished-at="2025-09-22T01:12:11 WIB" duration-ms="1865">
      <class name="api.example.base.Base">
        <test-method is-config="true" signature="beforeSuite()[pri:0, instance:api.example.base.Base@393671df]" started-at="2025-09-22T01:12:05 WIB" name="beforeSuite" finished-at="2025-09-22T01:12:09 WIB" duration-ms="3896" status="PASS">
          <reporter-output>
          </reporter-output>
        </test-method> <!-- beforeSuite -->
      </class> <!-- api.example.base.Base -->
      <class name="Scenario.CreateBooking">
        <test-method signature="CreateBookingScen()[pri:0, instance:Scenario.CreateBooking@dbf57b3]" started-at="2025-09-22T01:12:09 WIB" name="CreateBookingScen" finished-at="2025-09-22T01:12:11 WIB" duration-ms="1823" status="PASS">
          <reporter-output>
          </reporter-output>
        </test-method> <!-- CreateBookingScen -->
      </class> <!-- Scenario.CreateBooking -->
    </test> <!-- MyTestGroup -->
  </suite> <!-- Annotation Execution Suite -->
</testng-results>
