<?xml version="1.0" encoding="UTF-8"?>
<testsuite xmlns:xsi="http://www.w3.org/2001/XMLSchema-instance" xsi:noNamespaceSchemaLocation="https://maven.apache.org/surefire/maven-surefire-plugin/xsd/surefire-test-report-3.0.xsd" version="3.0" name="TestSuite" time="25.539" tests="12" errors="0" skipped="0" failures="0">
  <properties>
[...]
</properties>
  <testcase name="CreateBookingScen" classname="Scenario.Positif.CreateBooking" time="2.276">
    <system-out><![CDATA[This is Before Suite
Request method:	POST
Request URI:	https://restful-booker.herokuapp.com/booking
Proxy:			<none>
Request params:	<none>
Query params:	<none>
Form params:	<none>
Path params:	<none>
Headers:		Accept=application/json
				Content-Type=application/json
Cookies:		<none>
Multiparts:		<none>
Body:
{
    "firstname": "Chairun",
    "lastname": "Puspitasari",
    "totalprice": 111,
    "depositpaid": true,
    "bookingdates": {
        "checkin": "2025-09-01",
        "checkout": "2025-09-17"
    },
    "additionalneeds": "Breakfast"
}
HTTP/1.1 200 OK
Content-Length: 207
Content-Type: application/json; charset=utf-8
Date: Tue, 07 Oct 2025 22:46:10 GMT
Etag: W/"cf-xLsdyi4hmapMcNaPq3YbH3XVYJk"
Nel: {"report_to":"heroku-nel","response_headers":["Via"],"max_age":3600,"success_fraction":0.01,"failure_fraction":0.1}
Report-To: {"group":"heroku-nel","endpoints":[{"url":"https://nel.heroku.com/reports?s=VSAofnojNzOPuNfE37RvgWWyUtreah84ohuqtOXttIk%3D\u0026sid=c46efe9b-d3d2-4a0c-8c76-bfafa16c5add\u0026ts=1759877170"}],"max_age":3600}
Reporting-Endpoints: heroku-nel="https://nel.heroku.com/reports?s=VSAofnojNzOPuNfE37RvgWWyUtreah84ohuqtOXttIk%3D&sid=c46efe9b-d3d2-4a0c-8c76-bfafa16c5add&ts=1759877170"
Server: Heroku
Via: 1.1 heroku-router
X-Powered-By: Express

{
    "bookingid": 2818,
    "booking": {
        "firstname": "Chairun",
        "lastname": "Puspitasari",
        "totalprice": 111,
        "depositpaid": true,
        "bookingdates": {
            "checkin": "2025-09-01",
            "checkout": "2025-09-17"
        },
        "additionalneeds": "Breakfast"
    }
}
Booking ID baru: 2818
]]></system-out>
    <system-err><![CDATA[SLF4J(W): No SLF4J providers were found.
SLF4J(W): Defaulting to no-operation (NOP) logger implementation
SLF4J(W): See https://www.slf4j.org/codes.html#noProviders for further details.
]]></system-err>
  </testcase>
  <testcase name="NCreateBookingScen" classname="Scenario.Negatif.NCreateBooking" time="1.93">
    <system-out><![CDATA[Request method:	POST
Request URI:	https://restful-booker.herokuapp.com/booking
Proxy:			<none>
Request params:	<none>
Query params:	<none>
Form params:	<none>
Path params:	<none>
Headers:		Accept=application/json
				Content-Type=application/json
Cookies:		<none>
Multiparts:		<none>
Body:
{
    "firstname": "Ikhfan",
    "lastname": "Ali",
    "totalprice": 222,
    "depositpaid": true,
    "bookingdates": {
        "checkin": "2025-09-18",
        "checkout": "2025-09-19"
    },
    "additionalneeds": "Gym"
}
HTTP/1.1 200 OK
Content-Length: 192
Content-Type: application/json; charset=utf-8
Date: Tue, 07 Oct 2025 22:46:12 GMT
Etag: W/"c0-5mznfZ1w6GwdgVss+wcBgs0eP+0"
Nel: {"report_to":"heroku-nel","response_headers":["Via"],"max_age":3600,"success_fraction":0.01,"failure_fraction":0.1}
Report-To: {"group":"heroku-nel","endpoints":[{"url":"https://nel.heroku.com/reports?s=5sbZAupDVBAjjkTLSoI8FibVCDE9PM0cxJK1%2Ff42ss4%3D\u0026sid=c46efe9b-d3d2-4a0c-8c76-bfafa16c5add\u0026ts=1759877172"}],"max_age":3600}
Reporting-Endpoints: heroku-nel="https://nel.heroku.com/reports?s=5sbZAupDVBAjjkTLSoI8FibVCDE9PM0cxJK1%2Ff42ss4%3D&sid=c46efe9b-d3d2-4a0c-8c76-bfafa16c5add&ts=1759877172"
Server: Heroku
Via: 1.1 heroku-router
X-Powered-By: Express

{
    "bookingid": 2829,
    "booking": {
        "firstname": "Ikhfan",
        "lastname": "Ali",
        "totalprice": 222,
        "depositpaid": true,
        "bookingdates": {
            "checkin": "2025-09-18",
            "checkout": "2025-09-19"
        },
        "additionalneeds": "Gym"
    }
}
Gagal Membuat Booking ID baru
]]></system-out>
  </testcase>
  <testcase name="DeleteBookingScen" classname="Scenario.Positif.DeleteBooking" time="2.656">
    <system-out><![CDATA[This is Before Method
HTTP/1.1 201 Created
Content-Length: 7
Content-Type: text/plain; charset=utf-8
Date: Tue, 07 Oct 2025 22:46:13 GMT
Etag: W/"7-rM9AyJuqT6iOan/xHh+AW+7K/T8"
Nel: {"report_to":"heroku-nel","response_headers":["Via"],"max_age":3600,"success_fraction":0.01,"failure_fraction":0.1}
Report-To: {"group":"heroku-nel","endpoints":[{"url":"https://nel.heroku.com/reports?s=doQrtkDomVOt16Y%2B9Yj6%2BE6%2FJtKMo3fVW%2Frpl4JkxCw%3D\u0026sid=c46efe9b-d3d2-4a0c-8c76-bfafa16c5add\u0026ts=1759877173"}],"max_age":3600}
Reporting-Endpoints: heroku-nel="https://nel.heroku.com/reports?s=doQrtkDomVOt16Y%2B9Yj6%2BE6%2FJtKMo3fVW%2Frpl4JkxCw%3D&sid=c46efe9b-d3d2-4a0c-8c76-bfafa16c5add&ts=1759877173"
Server: Heroku
Via: 1.1 heroku-router
X-Powered-By: Express

Created
HTTP/1.1 201 Created
Content-Length: 7
Content-Type: text/plain; charset=utf-8
Date: Tue, 07 Oct 2025 22:46:13 GMT
Etag: W/"7-rM9AyJuqT6iOan/xHh+AW+7K/T8"
Nel: {"report_to":"heroku-nel","response_headers":["Via"],"max_age":3600,"success_fraction":0.01,"failure_fraction":0.1}
Report-To: {"group":"heroku-nel","endpoints":[{"url":"https://nel.heroku.com/reports?s=doQrtkDomVOt16Y%2B9Yj6%2BE6%2FJtKMo3fVW%2Frpl4JkxCw%3D\u0026sid=c46efe9b-d3d2-4a0c-8c76-bfafa16c5add\u0026ts=1759877173"}],"max_age":3600}
Reporting-Endpoints: heroku-nel="https://nel.heroku.com/reports?s=doQrtkDomVOt16Y%2B9Yj6%2BE6%2FJtKMo3fVW%2Frpl4JkxCw%3D&sid=c46efe9b-d3d2-4a0c-8c76-bfafa16c5add&ts=1759877173"
Server: Heroku
Via: 1.1 heroku-router
X-Powered-By: Express

Created
Status code: 201
Response body: Created
]]></system-out>
  </testcase>
  <testcase name="NDeleteBookingScen" classname="Scenario.Negatif.NDeleteBooking" time="1.297">
    <system-out><![CDATA[This is After Method
This is Before Method
HTTP/1.1 405 Method Not Allowed
Content-Length: 18
Content-Type: text/plain; charset=utf-8
Date: Tue, 07 Oct 2025 22:46:16 GMT
Etag: W/"12-UGJMK66P4abaBlq0vKHJaCKuGCA"
Nel: {"report_to":"heroku-nel","response_headers":["Via"],"max_age":3600,"success_fraction":0.01,"failure_fraction":0.1}
Report-To: {"group":"heroku-nel","endpoints":[{"url":"https://nel.heroku.com/reports?s=LocBr8jfCRxkkGM50XErr%2F%2B033fJD6nOuxLBVCciWjQ%3D\u0026sid=c46efe9b-d3d2-4a0c-8c76-bfafa16c5add\u0026ts=1759877176"}],"max_age":3600}
Reporting-Endpoints: heroku-nel="https://nel.heroku.com/reports?s=LocBr8jfCRxkkGM50XErr%2F%2B033fJD6nOuxLBVCciWjQ%3D&sid=c46efe9b-d3d2-4a0c-8c76-bfafa16c5add&ts=1759877176"
Server: Heroku
Via: 1.1 heroku-router
X-Powered-By: Express

Method Not Allowed
HTTP/1.1 405 Method Not Allowed
Content-Length: 18
Content-Type: text/plain; charset=utf-8
Date: Tue, 07 Oct 2025 22:46:16 GMT
Etag: W/"12-UGJMK66P4abaBlq0vKHJaCKuGCA"
Nel: {"report_to":"heroku-nel","response_headers":["Via"],"max_age":3600,"success_fraction":0.01,"failure_fraction":0.1}
Report-To: {"group":"heroku-nel","endpoints":[{"url":"https://nel.heroku.com/reports?s=LocBr8jfCRxkkGM50XErr%2F%2B033fJD6nOuxLBVCciWjQ%3D\u0026sid=c46efe9b-d3d2-4a0c-8c76-bfafa16c5add\u0026ts=1759877176"}],"max_age":3600}
Reporting-Endpoints: heroku-nel="https://nel.heroku.com/reports?s=LocBr8jfCRxkkGM50XErr%2F%2B033fJD6nOuxLBVCciWjQ%3D&sid=c46efe9b-d3d2-4a0c-8c76-bfafa16c5add&ts=1759877176"
Server: Heroku
Via: 1.1 heroku-router
X-Powered-By: Express

Method Not Allowed
Status code: 405
Response body: Method Not Allowed
Gagal Delete Booking
]]></system-out>
  </testcase>
  <testcase name="GetBookingScen" classname="Scenario.Positif.GetBooking" time="1.351">
    <system-out><![CDATA[This is After Method
Booking id untuk nama : Mark Jackson
]]></system-out>
  </testcase>
  <testcase name="GetBookingIdsScen" classname="Scenario.Positif.GetBookingIds" time="1.672">
    <system-out><![CDATA[Booking Ids: [25, 1764, 1697, 215, 2883, 894, 2116, 1641, 635, 843, 652, 2343, 2390, 1605, 523, 100, 2782, 970, 1917, 1202, 27, 1040, 2890, 372, 438, 1694, 1071, 2628, 2880, 2625, 712, 2739, 2612, 2789, 434, 2340, 2401, 2673, 2716, 1378, 808, 136, 2774, 90, 1149, 335, 2338, 2330, 158, 1352, 488, 2160, 756, 84, 1987, 1411, 2219, 1321, 353, 925, 2357, 958, 2786, 408, 2059, 684, 2022, 1350, 1473, 632, 2075, 2446, 2769, 18, 2409, 272, 1489, 1351, 301, 1533, 1809, 750, 2519, 2555, 1914, 1135, 2373, 2090, 2034, 1328, 2043, 2412, 1982, 858, 1783, 1345, 1427, 2239, 1332, 1586, 2711, 1132, 2473, 255, 762, 1047, 2285, 1127, 2710, 723, 2692, 208, 187, 703, 740, 380, 238, 1654, 1807, 213, 1746, 52, 330, 2592, 2624, 1571, 218, 1415, 15, 942, 2265, 1922, 689, 2805, 2378, 397, 2303, 1279, 2255, 1170, 2787, 759, 2223, 726, 2845, 617, 1327, 2640, 837, 1331, 1943, 1537, 1054, 1925, 2801, 1577, 1193, 2648, 1049, 842, 2367, 2837, 2884, 1593, 268, 704, 1628, 1505, 982, 2560, 1291, 1805, 569, 577, 2709, 1178, 2511, 831, 1487, 1525, 43, 532, 1854, 872, 1091, 2081, 771, 1885, 2053, 300, 345, 1242, 755, 308, 2289, 1007, 1583, 2141, 1819, 999, 1559, 1006, 2254, 1236, 1889, 916, 2746, 2871, 343, 539, 2031, 2421, 1722, 2863, 1107, 1085, 2425, 1648, 1078, 1295, 2489, 2292, 2531, 432, 1931, 2017, 2434, 1882, 564, 1257, 2568, 1499, 1723, 603, 2153, 1110, 155, 840, 14, 1721, 729, 459, 2554, 2505, 1420, 1601, 706, 2245, 449, 768, 1072, 1639, 1140, 2579, 157, 1689, 1531, 941, 801, 2870, 2256, 1840, 289, 1852, 809, 1663, 1786, 1357, 256, 1845, 1700, 979, 1862, 1946, 453, 72, 393, 952, 1367, 923, 2045, 738, 1403, 1237, 1529, 44, 2817, 195, 621, 1668, 2211, 1796, 1190, 1541, 496, 2096, 180, 1213, 1099, 1224, 1436, 265, 2276, 163, 1354, 2480, 955, 2002, 251, 663, 2735, 1117, 907, 929, 783, 1690, 2485, 2776, 2268, 2742, 1277, 618, 1267, 757, 2529, 1831, 2035, 1792, 1843, 882, 1225, 221, 1667, 2833, 2865, 1156, 331, 2574, 199, 853, 249, 62, 2177, 1609, 647, 1799, 2435, 2744, 1258, 2714, 1773, 96, 26, 1983, 470, 1141, 444, 779, 1698, 1848, 1177, 2760, 1147, 1269, 1374, 554, 2064, 1308, 957, 2087, 951, 927, 2797, 2436, 264, 687, 2539, 2666, 121, 489, 19, 1645, 2218, 80, 1343, 2178, 1393, 1695, 1165, 1784, 2764, 2345, 183, 35, 2469, 1312, 2131, 119, 385, 508, 263, 1379, 607, 245, 551, 1398, 2490, 413, 286, 2167, 1734, 227, 1612, 610, 1220, 2872, 1472, 2407, 2169, 1192, 1287, 2488, 270, 697, 2442, 893, 1035, 770, 415, 2720, 2755, 822, 1422, 2290, 356, 1102, 2634, 1860, 2394, 109, 41, 2052, 2115, 2203, 2583, 691, 2610, 2023, 2220, 2762, 656, 2320, 506, 2058, 868, 862, 216, 2538, 2879, 350, 448, 509, 2525, 963, 649, 774, 279, 1021, 1012, 2680, 1251, 844, 914, 2217, 2100, 1873, 1093, 2432, 1131, 34, 1198, 275, 85, 2430, 384, 2381, 2522, 24, 147, 734, 2691, 2564, 2698, 281, 1846, 2010, 2151, 2655, 1090, 1767, 124, 572, 2577, 363, 1113, 714, 1552, 2618, 2727, 859, 849, 767, 1581, 182, 295, 2462, 1737, 1201, 206, 1103, 705, 627, 1881, 1883, 1464, 1293, 2832, 2423, 657, 2661, 2455, 1936, 2689, 446, 1000, 675, 1458, 2654, 2844, 1493, 736, 1706, 2466, 1517, 2672, 2756, 753, 1210, 1539, 1432, 2248, 2759, 1970, 2175, 1062, 1528, 1162, 1542, 2371, 285, 719, 2299, 54, 2005, 2257, 549, 451, 522, 2562, 620, 2846, 1325, 2286, 1966, 1029, 1467, 82, 2166, 2078, 1227, 1336, 243, 2143, 711, 2615, 32, 274, 1891, 2829, 1953, 2398, 204, 2449, 2277, 1441, 149, 643, 1650, 2441, 2586, 1570, 1915, 2326, 1522, 2213, 9, 1446, 2657, 2264, 2142, 553, 2230, 1084, 436, 1304, 1670, 1929, 2891, 1772, 622, 1302, 2291, 1730, 463, 1874, 2362, 1031, 2812, 2284, 2088, 336, 2036, 2050, 7, 174, 437, 2513, 1766, 347, 1276, 1658, 1483, 2627, 524, 797, 782, 2093, 207, 974, 1979, 2783, 1252, 65, 2687, 12, 901, 702, 1215, 1096, 1348, 2465, 2476, 803, 812, 1222, 425, 953, 2083, 212, 1679, 1042, 2168, 947, 2715, 2102, 1364, 405, 2395, 709, 1649, 1481, 965, 291, 1482, 219, 1245, 1768, 188, 1991, 1684, 2122, 2164, 1076, 2361, 1369, 2502, 690, 2763, 78, 120, 558, 2734, 1681, 2130, 2677, 1043, 2040, 6, 2028, 2887, 2859, 2500, 2474, 2674, 1610, 1001, 1088, 2429, 1108, 242, 320, 824, 257, 2593, 2009, 1619, 1683, 283, 1592, 2535, 58, 1640, 2491, 111, 1512, 2652, 1622, 2389, 1975, 1607, 1265, 2847, 1159, 2280, 179, 2404, 2459, 911, 520, 8, 348, 2350, 69, 92, 2888, 2599, 614, 2631, 1898, 867, 2001, 1712, 1297, 885, 1762, 701, 956, 476, 2235, 458, 765, 1216, 1273, 1630, 1660, 664, 852, 2481, 1578, 2269, 2126, 2244, 2030, 1077, 1872, 1275, 170, 2649, 834, 548, 2137, 79, 2830, 1194, 145, 1272, 288, 855, 1209, 1916, 403, 866, 1504, 237, 1928, 341, 481, 1253, 1624, 162, 639, 2675, 1740, 2377, 1123, 2852, 889, 2503, 228, 825, 1997, 467, 1680, 56, 1097, 125, 1709, 2645, 1120, 2606, 2793, 1244, 789, 626, 838, 31, 1835, 1969, 1676, 129, 1699, 427, 1337, 16, 1152, 1733, 2003, 1646, 1731, 596, 587, 1934, 761, 1386, 2754, 1544, 1030, 537, 2458, 409, 544, 423, 2815, 364, 1672, 269, 2453, 1572, 89, 1418, 452, 995, 1710, 2804, 1595, 1468, 1814, 2112, 115, 1406, 2591, 563, 1896, 1935, 2356, 1573, 462, 2748, 966, 1555, 1950, 578, 2662, 1858, 823, 2057, 477, 857, 1613, 2892, 1453, 976, 1340, 2063, 2857, 557, 50, 342, 1614, 2494, 2207, 1172, 1561, 2337, 2364, 1182, 64, 2790, 337, 795, 594, 545, 2700, 1839, 2086, 2071, 1973, 435, 2685, 1155, 316, 1317, 152, 1918, 1356, 1292, 1755, 1930, 1884, 595, 1779, 964, 2138, 2650, 126, 2470, 2228, 2808, 1752, 636, 1949, 898, 1986, 2358, 399, 2108, 906, 2438, 928, 1414, 1294, 1867, 917, 1937, 732, 280, 426, 97, 2298, 2753, 751, 1538, 1233, 869, 1246, 1759, 1397, 369, 1904, 2444, 1003, 234, 484, 645, 1022, 2388, 244, 1866, 1621, 796, 2548, 83, 487, 715, 2420, 1826, 1908, 1620, 1438, 1248, 1058, 46, 576, 2249, 2510, 1142, 495, 1471, 1138, 1365, 1652, 2457, 775, 2215, 2313, 2553, 1829, 1065, 2616, 1018, 2335, 362, 2741, 836, 1747, 1183, 21, 2803, 45, 1673, 2147, 1087, 1116, 2015, 1313, 1028, 1270, 5, 2184, 318, 368, 708, 1793, 1094, 1770, 1455, 605, 1057, 1009, 2464, 2392, 88, 1184, 366, 1599, 2708, 1951, 650, 2478, 1053, 2761, 860, 137, 977, 2070, 2060, 1329, 2325, 2041, 695, 2114, 2663, 1450, 1818, 666, 2694, 2800, 2307, 879, 638, 1013, 1171, 2781, 2317, 1425, 1821, 2210, 2668, 2382, 2068, 1565, 570, 248, 1924, 1913, 1659, 1173, 1303, 1518, 623, 2621, 494, 1616, 515, 1554, 1797, 2281, 284, 662, 1876, 1516, 1129, 1109, 1558, 2156, 2732, 2745, 2528, 151, 2353, 53, 1319, 588, 1812, 1376, 2578, 787, 1802, 323, 2368, 1753, 1311, 1176, 1739, 2728, 2818, 2426, 2706, 454, 1460, 225, 648, 411, 1207, 2603, 933, 2611, 2012, 2860, 973, 683, 1469, 1980, 28, 972, 1230, 1635, 1947, 828, 1136, 1749, 2724, 2722, 946, 2073, 1372, 2643, 141, 381, 1899, 76, 1144, 1196, 1305, 1124, 86, 1243, 562, 1923, 1748, 201, 1448, 1083, 931, 2682, 727, 1388, 2477, 1037, 696, 1212, 2705, 2799, 2609, 407, 633, 1491, 1999, 1234, 2556, 1910, 1636, 2658, 1048, 2370, 1447, 1105, 460, 1444, 2305, 1523, 1417, 2534, 1284, 36, 2504, 1412, 720, 440, 1508, 365, 1890, 1, 501, 969, 784, 2552, 518, 2770, 1419, 2836, 29, 1474, 1063, 1238, 2319, 229, 1125, 2660, 1756, 1486, 747, 526, 1070, 1115, 2242, 1806, 1189, 502, 191, 1511, 2316, 394, 1988, 1011, 305, 297, 1788, 2118, 874, 516, 2396, 1401, 200, 116, 2725, 2323, 112, 1901, 1958, 1068, 2573, 2380, 236, 198, 2635, 2095, 2827, 357, 2771, 1717, 1219, 473, 1434, 325, 880, 1264, 1941, 1502, 2311, 332, 2795, 326, 1837, 2537, 2667, 2498, 1686, 2447, 2187, 888, 2386, 392, 2450, 377, 480, 2355, 401, 875, 175, 1381, 608, 10, 1580, 654, 2644, 871, 2594, 2483, 2524, 2385, 2329, 2079, 2809, 1546, 1026, 630, 173, 1288, 2247, 2121, 60, 2796, 1591, 471, 1075, 1942, 1545, 306, 2106, 873, 981, 38, 1069, 1015, 1952, 42, 161, 1278, 791, 606, 1589, 419, 2517, 1543, 1362, 2636, 1728, 400, 127, 813, 1968, 1598, 2584, 167, 456, 543, 2605, 2842, 599, 2811, 143, 2080, 2154, 2120, 794, 1965, 2188, 990, 1801, 1300, 531, 1715, 1834, 1408, 628, 2101, 619, 2253, 959, 370, 2597, 390, 2054, 1761, 535, 2183, 1629, 717, 1396, 2334, 87, 2351, 1206, 156, 807, 2557, 1824, 250, 1532, 600, 1463, 2486, 2200, 2094, 2144, 818, 2695, 1955, 2262, 1163, 1254, 131, 2171, 744, 2135, 1498, 1359, 722, 2854, 2162, 2471, 788, 886, 2123, 2048, 1229, 1179, 1996, 1158, 1064, 1711, 1742, 2155, 560, 1081, 2878, 2024, 566, 922, 2271, 2701, 105, 75, 575, 2733, 2033, 604, 1134, 254, 2822, 2791, 2882, 2843, 2128, 2150, 910, 1992, 944, 1506, 2875, 355, 1100, 832, 2570, 2669, 899, 994, 2049, 37, 1566, 1892, 1758, 2124, 2567, 735, 11, 1905, 806, 2263, 892, 1714, 59, 800, 468, 375, 1974, 1157, 1782, 1665, 2021, 1478, 590, 1842, 2224, 1855, 1430, 985, 1334, 2777, 2132, 659, 2399, 132, 2231, 561, 2617, 497, 1547, 669, 1584, 1849, 2161, 1263, 2066, 2387, 2189, 2006, 2768, 1865, 1655, 943, 997, 1604, 108, 374, 261, 2820, 148, 804, 846, 593, 1514, 1868, 897, 122, 2240, 1188, 315, 2468, 1289, 2600, 1553, 352, 135, 1050, 389, 1774, 2495, 1870, 1260, 676, 1716, 851, 1494, 1309, 447, 2416, 329, 230, 51, 1794, 2181, 2688, 848, 299, 1526, 2546, 2042, 479, 376, 2374, 2638, 2497, 2194, 584, 431, 1214, 2270, 1880, 465, 2283, 2205, 1166, 2321, 2544, 583, 1360, 2233, 2540, 1387, 1380, 993, 2136, 2858, 17, 3, 919, 1791, 1395, 1548, 2209, 48, 2576, 20, 383, 278, 2821, 13, 534, 1564, 1259, 1392, 1429, 2729, 698, 2678, 1741, 1815, 1384, 1342, 503, 2301, 1643, 1023, 491, 1688, 1185, 2814, 101, 1150, 2306, 1727, 2011, 2170, 1977, 856, 1995, 1810, 542, 2107, 1962, 1800, 1832, 939, 1208, 1497, 521, 1617, 2810, 937, 2440, 472, 1597, 1017, 1633, 1678, 2428, 1118, 2134, 2454, 2886, 1454, 1961, 168, 1510, 913, 185, 2518, 2512, 113, 314, 2415, 317, 2372, 103, 1776, 2419, 790, 235, 1405, 500, 878, 2452, 602, 2221, 2227, 2697, 417, 1963, 538, 2238, 1863, 2604, 2190, 1736, 921, 670, 529, 1402, 891, 1151, 680, 2199, 1877, 785, 731, 2196, 1585, 2202, 749, 1857, 1440, 2408, 1520, 2839, 668, 2501, 2738, 1778, 2563, 164, 989, 1627, 117, 1375, 338, 1020, 2274, 414, 2561, 2718, 2204, 1562, 1281, 2413, 1490, 2344, 677, 2067, 2275, 193, 2726, 1389, 67, 1495, 2027, 688, 1657, 2831, 324, 2148, 2312, 1056, 655, 210, 1114, 224, 2304, 2349, 73, 2703, 2823, 2749, 2545, 1204, 1339, 686, 1039, 640, 1603, 482, 2876, 1674, 57, 2176, 2523, 1027, 421, 1567, 2193, 134, 2751, 1145, 1041, 960, 2516, 311, 2111, 194, 1530, 2622, 2310, 429, 1785, 1477, 2630, 70, 2838, 2641, 776, 1282, 936, 1994, 142, 2039, 2236, 2587, 743, 104, 294, 1363, 745, 1318, 581, 1781, 778, 2417, 816, 110, 1465, 1900, 1346, 202, 303, 1443, 2642, 1228, 2530, 2626, 1324, 309, 881, 1719, 764, 220, 2889, 1480, 77, 1126, 986, 1887, 2258, 386, 2775, 351, 310, 1825, 71, 233, 1424, 671, 1167, 66, 2051, 674, 184, 512, 2332, 904, 830, 1451, 1368, 4, 1816, 486, 2076, 552, 1199, 1985, 192, 902, 1323, 519, 94, 2826, 2293, 983, 2571, 2851, 1299, 513, 1692, 536, 2328, 1960, 1701, 737, 589, 820, 1909, 420, 934, 2099, 1940, 2869, 2105, 2582, 266, 1059, 2717, 441, 2195, 107, 582, 1634, 2549, 769, 260, 2250, 2866, 1239, 2683, 1907, 681, 1576, 98, 615, 2346, 1044, 1724, 642, 819, 1382, 1702, 95, 908, 1632, 2598, 814, 507, 2403, 1851, 2864, 354, 2085, 40, 2018, 1895, 2585, 140, 1662, 1005, 2406, 2225, 2016, 571, 1830, 940, 2300, 1435, 169, 395, 724, 2182, 63, 292, 2336, 1959, 1459, 987, 1823, 2363, 176, 1410, 1036, 2294, 2780, 1315, 1744, 2853, 2543, 1705, 2893]
]]></system-out>
  </testcase>
  <testcase name="GetBookingIdsByDateScen" classname="Scenario.Positif.GetBookingIdsByDate" time="1.602">
    <system-out><![CDATA[Booking Ids by tanggal : [25, 1764, 1697, 215, 2883, 894, 2116, 1641, 635, 843, 652, 2343, 2390, 1605, 523, 100, 2782, 970, 1917, 1202, 27, 1040, 372, 438, 1694, 1071, 2628, 2880, 2625, 712, 2739, 2612, 2789, 434, 2340, 2401, 2673, 2716, 1378, 808, 136, 2774, 2904, 90, 1149, 335, 2338, 2330, 158, 1352, 488, 2160, 756, 84, 1987, 1411, 2219, 1321, 353, 925, 2357, 958, 2786, 408, 2059, 684, 2022, 1350, 1473, 632, 2075, 2446, 2769, 18, 2409, 272, 1489, 1351, 301, 1533, 1809, 750, 2519, 2555, 1914, 1135, 2373, 2090, 2034, 1328, 2043, 2412, 1982, 858, 1783, 1345, 1427, 2239, 1332, 1586, 2711, 1132, 2473, 255, 762, 1047, 2285, 1127, 2710, 723, 2692, 208, 187, 703, 740, 380, 238, 1654, 1807, 213, 1746, 52, 330, 2592, 2624, 1571, 218, 1415, 15, 942, 2265, 1922, 689, 2805, 2378, 397, 2303, 1279, 2255, 1170, 2787, 759, 2223, 726, 2845, 617, 1327, 2640, 837, 1331, 1943, 1537, 1054, 1925, 2801, 1577, 1193, 2648, 1049, 842, 2367, 2837, 2884, 1593, 268, 704, 1628, 1505, 982, 2560, 1291, 1805, 569, 577, 2709, 1178, 2511, 831, 1487, 1525, 43, 532, 1854, 872, 1091, 2081, 771, 1885, 2053, 300, 345, 1242, 755, 308, 2289, 1007, 1583, 2141, 1819, 999, 1559, 1006, 2254, 1236, 1889, 916, 2746, 2871, 343, 539, 2031, 2421, 1722, 2863, 1107, 1085, 2425, 1648, 1078, 1295, 2489, 2292, 2531, 432, 1931, 2017, 2434, 1882, 564, 1257, 2568, 1499, 1723, 603, 2153, 1110, 155, 840, 14, 1721, 729, 459, 2554, 2505, 1420, 1601, 706, 2245, 449, 768, 1072, 1639, 1140, 2579, 157, 1689, 1531, 941, 801, 2870, 2256, 1840, 289, 1852, 809, 1663, 1786, 1357, 256, 1845, 1700, 979, 1862, 1946, 453, 72, 393, 952, 1367, 923, 2045, 738, 1403, 1237, 1529, 44, 2817, 195, 621, 1668, 2211, 1796, 1190, 1541, 496, 2096, 180, 1213, 1099, 1224, 1436, 265, 2276, 163, 1354, 2480, 955, 2002, 251, 663, 2735, 1117, 907, 929, 783, 1690, 2485, 2776, 2268, 2742, 1277, 618, 1267, 757, 2529, 1831, 2035, 1792, 1843, 882, 1225, 2905, 221, 1667, 2833, 2865, 1156, 331, 2574, 199, 853, 2896, 249, 62, 2177, 1609, 647, 1799, 2435, 2744, 1258, 2714, 1773, 96, 26, 1983, 470, 1141, 444, 779, 1698, 1848, 1177, 2760, 1147, 1269, 1374, 554, 2064, 1308, 957, 2087, 951, 927, 2797, 2436, 264, 687, 2539, 2666, 121, 489, 19, 1645, 2218, 80, 1343, 2178, 1393, 1695, 1165, 1784, 2764, 2345, 183, 35, 2469, 1312, 2131, 119, 385, 508, 263, 1379, 607, 245, 551, 1398, 2490, 413, 286, 2167, 1734, 227, 1612, 610, 1220, 2872, 1472, 2407, 2169, 1192, 1287, 2488, 270, 697, 2442, 893, 1035, 770, 415, 2720, 2755, 822, 1422, 2290, 356, 1102, 2634, 1860, 2394, 109, 41, 2052, 2115, 2203, 2583, 691, 2610, 2023, 2220, 2762, 656, 2320, 506, 2058, 868, 862, 216, 2538, 2879, 350, 448, 509, 2525, 963, 649, 774, 279, 1021, 1012, 2680, 1251, 844, 914, 2217, 2100, 1873, 1093, 2432, 1131, 34, 1198, 275, 85, 2430, 384, 2381, 2522, 24, 147, 734, 2691, 2564, 2698, 281, 1846, 2010, 2151, 2655, 1090, 1767, 124, 572, 2577, 363, 1113, 714, 1552, 2618, 2727, 859, 849, 767, 1581, 182, 295, 2462, 1737, 1201, 206, 1103, 705, 627, 1881, 1883, 1464, 1293, 2832, 2423, 657, 2661, 2455, 1936, 2689, 446, 1000, 675, 1458, 2654, 2844, 1493, 736, 1706, 2466, 1517, 2672, 2756, 753, 1210, 1539, 1432, 2248, 2759, 1970, 2175, 1062, 1528, 1162, 1542, 2371, 285, 719, 2299, 54, 2005, 2257, 549, 451, 522, 2562, 620, 2846, 1325, 2286, 1966, 1029, 1467, 82, 2166, 2078, 1227, 1336, 243, 2143, 711, 2615, 32, 274, 1891, 1953, 2398, 204, 2449, 2277, 1441, 149, 643, 1650, 2441, 2586, 1570, 1915, 2326, 1522, 2213, 1446, 2657, 2264, 2142, 553, 2230, 1084, 436, 1304, 1670, 1929, 2891, 1772, 622, 1302, 2291, 1730, 463, 1874, 2362, 1031, 2812, 2284, 2088, 336, 2036, 2050, 174, 437, 2513, 1766, 347, 1276, 1658, 1483, 2627, 524, 797, 782, 2093, 207, 974, 1979, 2783, 1252, 65, 2687, 12, 901, 702, 1215, 1096, 1348, 2465, 2476, 803, 812, 1222, 425, 953, 2083, 212, 1679, 1042, 2168, 947, 2715, 2102, 1364, 405, 2395, 709, 1649, 1481, 965, 291, 1482, 219, 1245, 1768, 188, 1991, 1684, 2122, 2164, 1076, 2361, 1369, 2502, 690, 2763, 78, 120, 558, 2734, 2130, 2677, 1043, 2040, 6, 2028, 2887, 2859, 2500, 2474, 2674, 1610, 1001, 1088, 2429, 1108, 242, 320, 824, 257, 2593, 2009, 1619, 1683, 283, 1592, 2535, 58, 1640, 2491, 111, 1512, 2652, 1622, 2389, 1975, 1607, 1265, 2847, 1159, 2280, 179, 2404, 2459, 911, 520, 348, 2350, 69, 92, 2888, 2599, 614, 2631, 1898, 867, 2001, 1712, 1297, 885, 1762, 701, 956, 476, 2235, 458, 765, 1216, 1273, 1630, 1660, 664, 852, 2481, 1578, 2269, 2126, 2244, 2030, 1077, 1872, 1275, 170, 2649, 834, 548, 2137, 79, 2830, 1194, 145, 1272, 288, 855, 1209, 1916, 403, 866, 1504, 237, 1928, 341, 481, 1253, 1624, 162, 639, 2675, 1740, 2377, 1123, 2852, 889, 2503, 228, 825, 1997, 467, 1680, 56, 1097, 125, 1709, 2645, 1120, 2606, 2793, 1244, 789, 626, 838, 31, 1835, 1969, 1676, 129, 1699, 427, 1337, 16, 1152, 1733, 2003, 1646, 1731, 596, 587, 1934, 761, 1386, 2754, 1544, 1030, 2902, 537, 2458, 409, 544, 423, 2815, 364, 1672, 269, 2453, 1572, 89, 1418, 452, 995, 1710, 2804, 1595, 1468, 1814, 2112, 115, 1406, 2591, 563, 1896, 1935, 2356, 1573, 462, 2748, 966, 1555, 1950, 578, 2662, 1858, 823, 2057, 477, 857, 1613, 2892, 1453, 976, 1340, 2063, 2857, 557, 50, 342, 1614, 2494, 2207, 1172, 1561, 2337, 2364, 1182, 64, 2790, 337, 795, 594, 545, 2700, 1839, 2086, 2071, 1973, 435, 2685, 1155, 316, 1317, 152, 1918, 1356, 1292, 1755, 1930, 1884, 595, 1779, 964, 2138, 2650, 126, 2470, 2228, 2808, 1752, 636, 1949, 898, 1986, 2358, 399, 2108, 906, 2438, 928, 1414, 1294, 1867, 917, 1937, 732, 280, 426, 97, 2298, 2753, 751, 1538, 1233, 869, 1246, 1759, 1397, 369, 1904, 2444, 1003, 234, 484, 645, 1022, 2388, 244, 1866, 1621, 796, 2548, 83, 487, 715, 2420, 1826, 1908, 1620, 1438, 1248, 1058, 46, 576, 2249, 2510, 1142, 495, 1471, 1138, 1365, 1652, 2457, 775, 2215, 2313, 2553, 1829, 2899, 1065, 2616, 1018, 2335, 362, 2741, 836, 1747, 1183, 21, 2803, 45, 1673, 2147, 1087, 1116, 2015, 1313, 1028, 1270, 2184, 318, 368, 708, 1793, 1094, 1770, 1455, 605, 1057, 1009, 2464, 2392, 88, 1184, 366, 1599, 2708, 1951, 650, 2478, 1053, 2761, 860, 137, 977, 2070, 2060, 1329, 2325, 2041, 695, 2114, 2663, 1450, 1818, 666, 2694, 2800, 2307, 879, 638, 1013, 1171, 2781, 2317, 1425, 1821, 2210, 2668, 2382, 2068, 1565, 570, 248, 1924, 1913, 1659, 1173, 1303, 1518, 623, 2621, 494, 1616, 515, 1554, 1797, 2281, 284, 662, 1876, 1516, 1129, 1109, 1558, 2156, 2732, 2745, 2528, 151, 2353, 53, 1319, 588, 1812, 1376, 2578, 787, 1802, 323, 2368, 1753, 1311, 1176, 1739, 2728, 2706, 454, 1460, 225, 648, 411, 1207, 2603, 933, 2611, 2012, 2860, 973, 683, 1469, 1980, 28, 972, 1230, 1635, 1947, 828, 1136, 1749, 2724, 2722, 946, 2073, 1372, 2643, 141, 381, 1899, 76, 1144, 1196, 1305, 2908, 1124, 86, 1243, 562, 1923, 1748, 201, 1448, 1083, 931, 2682, 727, 1388, 2477, 1037, 696, 1212, 2705, 2799, 2609, 407, 633, 1491, 1999, 1234, 2556, 1910, 1636, 2658, 1048, 2370, 1447, 1105, 460, 1444, 2305, 1523, 1417, 2534, 1284, 36, 2504, 1412, 720, 440, 1508, 365, 1890, 501, 969, 784, 2552, 518, 2770, 1419, 2836, 29, 1474, 1063, 1238, 2319, 229, 1125, 2660, 1756, 1486, 747, 526, 1070, 1115, 2242, 1806, 1189, 502, 191, 1511, 2316, 394, 1988, 1011, 305, 297, 1788, 2118, 874, 516, 2396, 1401, 200, 116, 2725, 2323, 112, 1901, 1958, 1068, 2573, 2380, 236, 198, 2635, 2095, 2827, 357, 2771, 1717, 1219, 473, 1434, 325, 880, 1264, 1941, 1502, 2311, 332, 2795, 326, 1837, 2537, 2667, 2498, 1686, 2447, 2187, 888, 2386, 392, 2450, 377, 480, 2355, 401, 875, 175, 1381, 608, 1580, 654, 2644, 871, 2594, 2897, 2483, 2524, 2385, 2329, 2079, 2809, 1546, 1026, 630, 173, 1288, 2247, 2121, 60, 2796, 1591, 471, 1075, 1942, 1545, 306, 2106, 873, 981, 38, 1069, 1015, 1952, 42, 161, 1278, 791, 606, 1589, 419, 2517, 1543, 1362, 2636, 1728, 400, 127, 813, 1968, 1598, 2584, 167, 456, 543, 2605, 2842, 599, 2811, 143, 2080, 2154, 2120, 794, 1965, 2188, 990, 1801, 1300, 531, 1715, 1834, 1408, 628, 2101, 619, 2253, 959, 370, 2597, 390, 2054, 1761, 535, 2183, 1629, 717, 1396, 2334, 87, 2351, 1206, 156, 807, 2557, 1824, 250, 1532, 600, 1463, 2486, 2200, 2094, 2144, 818, 2695, 1955, 2262, 1163, 1254, 131, 2171, 744, 2135, 1498, 1359, 722, 2854, 2162, 2471, 788, 886, 2123, 2048, 1229, 1179, 1996, 1158, 1064, 1711, 1742, 2155, 560, 1081, 2878, 2024, 566, 922, 2271, 2701, 105, 75, 575, 2733, 2033, 604, 1134, 254, 2822, 2791, 2882, 2843, 2128, 2150, 910, 1992, 944, 1506, 2875, 355, 1100, 832, 2570, 2669, 899, 994, 2049, 37, 1566, 1892, 1758, 2124, 2567, 735, 11, 1905, 806, 2263, 892, 1714, 59, 800, 468, 375, 1974, 1157, 1782, 1665, 2021, 1478, 590, 1842, 2224, 1855, 1430, 985, 1334, 2777, 2132, 659, 2399, 132, 2231, 561, 2617, 497, 1547, 669, 1584, 1849, 2161, 1263, 2066, 2387, 2189, 2006, 2768, 1865, 1655, 943, 997, 1604, 108, 374, 261, 2820, 148, 804, 846, 593, 1514, 1868, 897, 122, 2240, 1188, 315, 2468, 1289, 2600, 1553, 352, 135, 1050, 389, 1774, 2495, 1870, 1260, 676, 1716, 851, 1494, 1309, 447, 2416, 329, 230, 51, 1794, 2181, 2688, 848, 299, 1526, 2898, 2546, 2042, 479, 376, 2374, 2638, 2497, 2895, 2194, 584, 431, 1214, 2270, 1880, 465, 2283, 2205, 1166, 2321, 2544, 583, 1360, 2233, 2540, 1387, 1380, 993, 2136, 2858, 17, 919, 1791, 1395, 1548, 2209, 48, 2576, 20, 383, 278, 2821, 13, 534, 1564, 1259, 1392, 1429, 2729, 698, 2678, 1741, 1815, 1384, 1342, 503, 2301, 1643, 1023, 491, 1688, 1185, 2814, 101, 1150, 2306, 1727, 2011, 2170, 1977, 856, 1995, 1810, 542, 2107, 1962, 1800, 1832, 939, 1208, 1497, 521, 1617, 2810, 937, 2440, 472, 1597, 1017, 1633, 1678, 2428, 1118, 2134, 2454, 2886, 1454, 1961, 168, 1510, 913, 185, 2518, 2512, 113, 314, 2415, 317, 2372, 103, 1776, 2419, 790, 235, 1405, 500, 878, 2452, 602, 2221, 2227, 2697, 417, 1963, 538, 2238, 1863, 2604, 2190, 1736, 921, 670, 529, 1402, 891, 1151, 680, 2199, 1877, 785, 731, 2196, 1585, 2202, 749, 1857, 1440, 2408, 1520, 2839, 668, 2501, 2738, 1778, 2563, 164, 989, 1627, 117, 1375, 338, 1020, 2274, 414, 2561, 2718, 2204, 1562, 1281, 2413, 1490, 2344, 677, 2067, 2275, 193, 2726, 1389, 67, 1495, 2027, 688, 1657, 2831, 324, 2148, 2312, 1056, 655, 210, 1114, 224, 2304, 2349, 73, 2703, 2823, 2749, 2545, 1204, 1339, 686, 1039, 640, 1603, 482, 2876, 1674, 57, 2176, 2523, 1027, 421, 1567, 2193, 134, 2751, 1145, 1041, 960, 2516, 311, 2111, 194, 1530, 2622, 2310, 429, 1785, 1477, 2630, 70, 2838, 2641, 776, 1282, 936, 1994, 142, 2039, 2236, 2587, 743, 104, 294, 1363, 745, 1318, 581, 1781, 778, 2417, 816, 110, 1465, 1900, 1346, 202, 303, 1443, 2642, 1228, 2530, 2626, 1324, 309, 881, 1719, 764, 220, 2889, 1480, 77, 1126, 986, 1887, 2258, 386, 2775, 351, 310, 1825, 71, 233, 1424, 671, 1167, 66, 2051, 674, 184, 512, 2332, 904, 830, 1451, 1368, 1816, 486, 2076, 552, 1199, 1985, 192, 902, 1323, 519, 94, 2826, 2293, 983, 2571, 2851, 1299, 513, 1692, 536, 2328, 1960, 1701, 737, 589, 820, 1909, 420, 934, 2099, 2903, 1940, 2869, 2105, 2582, 266, 1059, 2717, 441, 2195, 107, 582, 1634, 2549, 769, 260, 2250, 2866, 1239, 2683, 1907, 681, 1576, 98, 615, 2346, 1044, 1724, 642, 819, 1382, 1702, 95, 908, 1632, 2598, 814, 507, 2403, 1851, 2864, 354, 2085, 40, 2018, 1895, 2585, 140, 1662, 1005, 2406, 2225, 2016, 571, 1830, 940, 2300, 1435, 169, 395, 724, 2182, 63, 292, 2336, 1959, 1459, 987, 1823, 2363, 176, 1410, 1036, 2294, 2780, 1315, 1744, 2853, 2543, 1705]
]]></system-out>
  </testcase>
  <testcase name="GetBookingIdsByNameScen" classname="Scenario.Positif.GetBookingIdsByName" time="1.351">
    <system-out><![CDATA[Booking Ids untuk Chairun Puspitasari: [2818]
]]></system-out>
  </testcase>
  <testcase name="UpdateBooking_PartialScen" classname="Scenario.Positif.UpdateBooking_Partial" time="1.346">
    <system-out><![CDATA[This is Before Method
HTTP/1.1 200 OK
Content-Length: 142
Content-Type: application/json; charset=utf-8
Date: Tue, 07 Oct 2025 22:46:23 GMT
Etag: W/"8e-c+kO4LN5ityMZ/jbyby2aX8kNhM"
Nel: {"report_to":"heroku-nel","response_headers":["Via"],"max_age":3600,"success_fraction":0.01,"failure_fraction":0.1}
Report-To: {"group":"heroku-nel","endpoints":[{"url":"https://nel.heroku.com/reports?s=XsYirwNL6owgKB417KD5pbdcw7ZVkJNLFs%2F9vJGys%2BU%3D\u0026sid=c46efe9b-d3d2-4a0c-8c76-bfafa16c5add\u0026ts=1759877183"}],"max_age":3600}
Reporting-Endpoints: heroku-nel="https://nel.heroku.com/reports?s=XsYirwNL6owgKB417KD5pbdcw7ZVkJNLFs%2F9vJGys%2BU%3D&sid=c46efe9b-d3d2-4a0c-8c76-bfafa16c5add&ts=1759877183"
Server: Heroku
Via: 1.1 heroku-router
X-Powered-By: Express

{
    "firstname": "Chalay",
    "lastname": "Imoet",
    "totalprice": 219,
    "depositpaid": false,
    "bookingdates": {
        "checkin": "2020-12-16",
        "checkout": "2023-12-07"
    }
}
]]></system-out>
  </testcase>
  <testcase name="NUpdateBooking_PartialScen" classname="Scenario.Negatif.NUpdateBooking_Partial" time="1.329">
    <system-out><![CDATA[This is After Method
This is Before Method
HTTP/1.1 405 Method Not Allowed
Content-Length: 18
Content-Type: text/plain; charset=utf-8
Date: Tue, 07 Oct 2025 22:46:24 GMT
Etag: W/"12-UGJMK66P4abaBlq0vKHJaCKuGCA"
Nel: {"report_to":"heroku-nel","response_headers":["Via"],"max_age":3600,"success_fraction":0.01,"failure_fraction":0.1}
Report-To: {"group":"heroku-nel","endpoints":[{"url":"https://nel.heroku.com/reports?s=PX13vjVbzgXD%2Butfqp9kJTlx%2BskRfglbewCSID7fugU%3D\u0026sid=c46efe9b-d3d2-4a0c-8c76-bfafa16c5add\u0026ts=1759877184"}],"max_age":3600}
Reporting-Endpoints: heroku-nel="https://nel.heroku.com/reports?s=PX13vjVbzgXD%2Butfqp9kJTlx%2BskRfglbewCSID7fugU%3D&sid=c46efe9b-d3d2-4a0c-8c76-bfafa16c5add&ts=1759877184"
Server: Heroku
Via: 1.1 heroku-router
X-Powered-By: Express

Method Not Allowed
Gagal Update Data Partial Baru
]]></system-out>
  </testcase>
  <testcase name="UpdateBookingScen" classname="Scenario.Positif.UpdateBooking" time="1.334">
    <system-out><![CDATA[This is After Method
This is Before Method
HTTP/1.1 200 OK
Content-Length: 172
Content-Type: application/json; charset=utf-8
Date: Tue, 07 Oct 2025 22:46:26 GMT
Etag: W/"ac-J1SJUVC8ItjXD3nlVqxWBcQRtBY"
Nel: {"report_to":"heroku-nel","response_headers":["Via"],"max_age":3600,"success_fraction":0.01,"failure_fraction":0.1}
Report-To: {"group":"heroku-nel","endpoints":[{"url":"https://nel.heroku.com/reports?s=mBsvpv3zwpjhemFddowiloazohGZuCuspJ6u9iVEfuM%3D\u0026sid=c46efe9b-d3d2-4a0c-8c76-bfafa16c5add\u0026ts=1759877186"}],"max_age":3600}
Reporting-Endpoints: heroku-nel="https://nel.heroku.com/reports?s=mBsvpv3zwpjhemFddowiloazohGZuCuspJ6u9iVEfuM%3D&sid=c46efe9b-d3d2-4a0c-8c76-bfafa16c5add&ts=1759877186"
Server: Heroku
Via: 1.1 heroku-router
X-Powered-By: Express

{
    "firstname": "Chairun",
    "lastname": "Puspitasari",
    "totalprice": 222,
    "depositpaid": true,
    "bookingdates": {
        "checkin": "2025-09-02",
        "checkout": "2025-09-18"
    },
    "additionalneeds": "Gym"
}
Update data baru: Chairun Puspitasari
]]></system-out>
  </testcase>
  <testcase name="NUpdateBookingScen" classname="Scenario.Negatif.NUpdateBooking" time="1.34">
    <system-out><![CDATA[This is After Method
This is Before Method
HTTP/1.1 405 Method Not Allowed
Content-Length: 18
Content-Type: text/plain; charset=utf-8
Date: Tue, 07 Oct 2025 22:46:27 GMT
Etag: W/"12-UGJMK66P4abaBlq0vKHJaCKuGCA"
Nel: {"report_to":"heroku-nel","response_headers":["Via"],"max_age":3600,"success_fraction":0.01,"failure_fraction":0.1}
Report-To: {"group":"heroku-nel","endpoints":[{"url":"https://nel.heroku.com/reports?s=92Sb%2FeGrj583GrbkXUgs%2FRIu0bJLlWAoz2bRactcwb4%3D\u0026sid=c46efe9b-d3d2-4a0c-8c76-bfafa16c5add\u0026ts=1759877187"}],"max_age":3600}
Reporting-Endpoints: heroku-nel="https://nel.heroku.com/reports?s=92Sb%2FeGrj583GrbkXUgs%2FRIu0bJLlWAoz2bRactcwb4%3D&sid=c46efe9b-d3d2-4a0c-8c76-bfafa16c5add&ts=1759877187"
Server: Heroku
Via: 1.1 heroku-router
X-Powered-By: Express

Method Not Allowed
Gagal Update Data Baru
]]></system-out>
  </testcase>
</testsuite>